21:24:51 **** Incremental Build of configuration Debug for project replace ****
make all 
Building file: ../replace.c
Invoking: GCC C Compiler
gcc -O0 -g3 -Wall -c -fmessage-length=0 -MMD -MP -MF"replace.d" -MT"replace.o" -o "replace.o" "../replace.c"
../replace.c:12:15: warning: format specifies type 'char *' but the argument has type 'FILE *' (aka 'struct __sFILE *') [-Wformat]
  printf("%s",f);
          ~~  ^
../replace.c:19:17: warning: incompatible integer to pointer conversion passing 'char' to parameter of type 'const char *'; take the address with & [-Wint-conversion]
     if (strstr(c, name) != NULL) {
                ^
                &
/Applications/Xcode.app/Contents/Developer/Platforms/MacOSX.platform/Developer/SDKs/MacOSX10.12.sdk/usr/include/string.h:89:26: note: passing argument to parameter '__big' here
char    *strstr(const char *__big, const char *__little);
                            ^
../replace.c:54:17: warning: incompatible integer to pointer conversion passing 'char' to parameter of type 'const char *'; take the address with & [-Wint-conversion]
     if (strstr(c, name) != NULL) {
                ^
                &
/Applications/Xcode.app/Contents/Developer/Platforms/MacOSX.platform/Developer/SDKs/MacOSX10.12.sdk/usr/include/string.h:89:26: note: passing argument to parameter '__big' here
char    *strstr(const char *__big, const char *__little);
                            ^
../replace.c:55:22: warning: incompatible integer to pointer conversion passing 'char' to parameter of type 'FILE *' (aka 'struct __sFILE *') [-Wint-conversion]
       fputs(record, *filename);
                     ^~~~~~~~~
/Applications/Xcode.app/Contents/Developer/Platforms/MacOSX.platform/Developer/SDKs/MacOSX10.12.sdk/usr/include/stdio.h:246:54: note: passing argument to parameter here
int      fputs(const char * __restrict, FILE * __restrict) __DARWIN_ALIAS(fputs);
                                                         ^
4 warnings generated.
Finished building: ../replace.c
 
Building target: replace
Invoking: MacOS X C Linker
gcc  -o "replace"  ./replace.o   
Finished building target: replace
 

21:24:52 Build Finished (took 431ms)

